c:\users\lucas\riderprojects\gameengine\x64\release\core.pdb
c:\users\lucas\riderprojects\gameengine\core\x64\release\renderer.obj
c:\users\lucas\riderprojects\gameengine\core\x64\release\engine.obj
c:\users\lucas\riderprojects\gameengine\core\x64\release\shader.obj
c:\users\lucas\riderprojects\gameengine\core\x64\release\model.obj
c:\users\lucas\riderprojects\gameengine\core\x64\release\mesh.obj
c:\users\lucas\riderprojects\gameengine\core\x64\release\uilayer.obj
c:\users\lucas\riderprojects\gameengine\core\x64\release\entity.obj
c:\users\lucas\riderprojects\gameengine-v2\x64\release\core.pdb
c:\users\lucas\riderprojects\gameengine-v2\core\x64\release\uilayer.obj
c:\users\lucas\riderprojects\gameengine-v2\core\x64\release\entity.obj
c:\users\lucas\riderprojects\gameengine-v2\core\x64\release\shader.obj
c:\users\lucas\riderprojects\gameengine-v2\core\x64\release\renderer.obj
c:\users\lucas\riderprojects\gameengine-v2\core\x64\release\model.obj
c:\users\lucas\riderprojects\gameengine-v2\core\x64\release\mesh.obj
c:\users\lucas\riderprojects\gameengine-v2\core\x64\release\engine.obj
c:\users\lucas\riderprojects\gameengine\x64\release\core.lib
c:\users\lucas\riderprojects\gameengine-v2\x64\release\core.lib
c:\users\lucas\riderprojects\gameengine-v2\core\x64\release\core.tlog\cl.command.1.tlog
c:\users\lucas\riderprojects\gameengine-v2\core\x64\release\core.tlog\cl.read.1.tlog
c:\users\lucas\riderprojects\gameengine-v2\core\x64\release\core.tlog\cl.write.1.tlog
c:\users\lucas\riderprojects\gameengine-v2\core\x64\release\core.tlog\lib-link.read.1.tlog
c:\users\lucas\riderprojects\gameengine-v2\core\x64\release\core.tlog\lib-link.write.1.tlog
c:\users\lucas\riderprojects\gameengine-v2\core\x64\release\core.tlog\lib.command.1.tlog
